2022-01-06 20:59:49,487 INFO :: Binance Futures Client was successfully initialized
2022-01-06 21:00:36,195 INFO :: Binance Futures Client was successfully initialized
2022-01-06 21:01:45,075 INFO :: Binance Futures Client was successfully initialized
2022-01-06 21:02:47,732 INFO :: Binance Futures Client was successfully initialized
2022-01-06 21:16:00,431 INFO :: Binance Futures Client was successfully initialized
2022-01-06 21:16:14,372 INFO :: Binance Futures Client was successfully initialized
2022-01-06 21:16:57,930 INFO :: Binance Futures Client was successfully initialized
2022-01-06 21:17:30,533 INFO :: Binance Futures Client was successfully initialized
2022-01-06 21:18:20,707 INFO :: Binance Futures Client was successfully initialized
2022-01-06 21:18:58,787 INFO :: Binance Futures Client was successfully initialized
2022-01-06 21:49:36,521 INFO :: Binance Futures Client was successfully initialized
2022-01-06 21:49:37,319 ERROR :: Error while making GET request to /fapi/v2/account: {'code': -1102, 'msg': "Mandatory parameter 'timestamp' was not sent, was empty/null, or malformed."} (error code 400)
2022-01-06 21:50:44,894 INFO :: Binance Futures Client was successfully initialized
2022-01-06 21:51:25,869 INFO :: Binance Futures Client was successfully initialized
2022-01-06 22:32:23,051 INFO :: Binance Futures Client was successfully initialized
2022-01-06 22:34:20,505 INFO :: Binance Futures Client was successfully initialized
2022-01-07 12:47:14,354 INFO :: Binance Futures Client was successfully initialized
2022-01-07 12:47:14,731 ERROR :: Binance connection error [SSL: CERTIFICATE_VERIFY_FAILED] certificate verify failed: unable to get local issuer certificate (_ssl.c:1122)
2022-01-07 12:47:14,732 WARNING :: Websocket connection to binance is closed
2022-01-07 12:47:16,399 ERROR :: Error while making DELETE request to /fapi/v1/order: {'code': -2011, 'msg': 'Unknown order sent.'} (error code 400)
2022-01-07 12:48:21,131 INFO :: Binance Futures Client was successfully initialized
2022-01-07 12:48:21,584 ERROR :: error from callback <bound method BinanceFuturesClient.on_error of <connectors.binance_futures.BinanceFuturesClient object at 0x7fc7a859a610>>: on_error() takes 2 positional arguments but 3 were given
2022-01-07 12:48:21,584 ERROR :: error from callback <bound method BinanceFuturesClient.on_close of <connectors.binance_futures.BinanceFuturesClient object at 0x7fc7a859a610>>: on_close() takes 1 positional argument but 2 were given
2022-01-07 12:48:50,797 INFO :: Binance Futures Client was successfully initialized
2022-01-07 12:48:51,256 ERROR :: Binance connection error [SSL: CERTIFICATE_VERIFY_FAILED] certificate verify failed: unable to get local issuer certificate (_ssl.c:1122)
2022-01-07 12:48:51,256 WARNING :: Websocket connection to binance is closed
2022-01-07 12:52:54,079 INFO :: Binance Futures Client was successfully initialized
2022-01-07 12:52:54,864 INFO :: Websocket connection to binance has been established
2022-01-07 12:52:54,865 ERROR :: Binance connection error: Connection is already closed.
2022-01-07 12:52:54,866 WARNING :: Websocket connection to binance is closed
2022-01-07 12:54:56,295 INFO :: Binance Futures Client was successfully initialized
2022-01-07 12:54:57,070 INFO :: Websocket connection to binance has been established
2022-01-07 13:02:25,570 INFO :: Binance Futures Client was successfully initialized
2022-01-07 13:02:26,396 INFO :: Websocket connection to binance has been established
2022-01-07 13:11:06,522 INFO :: Binance Futures Client was successfully initialized
2022-01-07 13:11:07,251 INFO :: Websocket connection to binance has been established
2022-01-07 13:11:29,372 INFO :: Binance Futures Client was successfully initialized
2022-01-07 13:11:30,118 INFO :: Websocket connection to binance has been established
2022-01-07 13:12:23,620 INFO :: Binance Futures Client was successfully initialized
2022-01-07 13:12:24,477 INFO :: Websocket connection to binance has been established
2022-01-07 13:13:04,427 INFO :: Binance Futures Client was successfully initialized
2022-01-07 13:13:05,178 INFO :: Websocket connection to binance has been established
2022-01-07 13:13:22,119 INFO :: Binance Futures Client was successfully initialized
2022-01-07 13:13:22,802 INFO :: Websocket connection to binance has been established
2022-01-07 15:02:20,664 INFO :: Binance Futures Client was successfully initialized
2022-01-07 15:02:21,398 INFO :: Websocket connection to binance has been established
2022-01-07 15:03:43,224 INFO :: Binance Futures Client was successfully initialized
2022-01-07 15:03:43,956 INFO :: Websocket connection to binance has been established
2022-01-07 15:03:44,122 ERROR :: error from callback <bound method BinanceFuturesClient.on_message of <connectors.binance_futures.BinanceFuturesClient object at 0x7fe8e8333610>>: local variable 'symbol' referenced before assignment
2022-01-07 15:04:02,583 INFO :: Binance Futures Client was successfully initialized
2022-01-07 15:04:03,367 INFO :: Websocket connection to binance has been established
2022-01-07 15:04:03,531 ERROR :: error from callback <bound method BinanceFuturesClient.on_message of <connectors.binance_futures.BinanceFuturesClient object at 0x7fabe8534370>>: local variable 'symbol' referenced before assignment
2022-01-07 15:05:35,673 INFO :: Binance Futures Client was successfully initialized
2022-01-07 15:05:36,438 INFO :: Websocket connection to binance has been established
2022-01-07 15:05:36,601 ERROR :: error from callback <bound method BinanceFuturesClient.on_message of <connectors.binance_futures.BinanceFuturesClient object at 0x7fbbf0613580>>: local variable 'symbol' referenced before assignment
2022-01-07 15:06:27,517 INFO :: Binance Futures Client was successfully initialized
2022-01-07 15:06:28,305 INFO :: Websocket connection to binance has been established
2022-01-07 15:06:28,480 ERROR :: error from callback <bound method BinanceFuturesClient.on_message of <connectors.binance_futures.BinanceFuturesClient object at 0x7f7dd03fb580>>: local variable 'symbol' referenced before assignment
2022-01-07 15:12:50,246 INFO :: Binance Futures Client was successfully initialized
2022-01-07 15:12:51,021 INFO :: Websocket connection to binance has been established
2022-01-07 15:13:56,297 INFO :: Binance Futures Client was successfully initialized
2022-01-07 15:13:57,069 INFO :: Websocket connection to binance has been established
2022-01-07 15:14:29,507 INFO :: Binance Futures Client was successfully initialized
2022-01-07 15:14:30,273 INFO :: Websocket connection to binance has been established
2022-01-07 15:18:17,051 INFO :: Binance Futures Client was successfully initialized
2022-01-07 15:18:17,853 INFO :: Websocket connection to binance has been established
2022-01-07 15:19:57,330 INFO :: Binance Futures Client was successfully initialized
2022-01-07 15:19:58,212 INFO :: Websocket connection to binance has been established
2022-01-07 15:21:43,415 INFO :: Binance Futures Client was successfully initialized
2022-01-07 15:21:44,206 INFO :: Websocket connection to binance has been established
2022-01-07 15:22:09,099 INFO :: Binance Futures Client was successfully initialized
2022-01-07 15:22:09,807 INFO :: Websocket connection to binance has been established
2022-01-07 15:22:19,340 INFO :: Binance Futures Client was successfully initialized
2022-01-07 15:22:20,067 INFO :: Websocket connection to binance has been established
2022-01-08 17:15:05,620 INFO :: Binance Futures Client was successfully initialized
2022-01-08 17:15:06,219 ERROR :: Error while making DELETE request to /fapi/v1/order: {'code': -2011, 'msg': 'Unknown order sent.'} (error code 400)
2022-01-08 17:15:06,374 INFO :: Websocket connection to binance has been established
2022-01-08 17:15:25,237 INFO :: Binance Futures Client was successfully initialized
2022-01-08 17:15:26,037 INFO :: Websocket connection to binance has been established
2022-01-08 21:21:41,668 ERROR :: Binance connection error: [Errno 54] Connection reset by peer
2022-01-08 21:21:41,677 WARNING :: Websocket connection to binance is closed
